<?xml version="1.0" encoding="UTF-8"?>
<!-- Generated by org.testng.reporters.JUnitXMLReporter -->
<testsuite hostname="TYSS" ignored="1" name="Default test" tests="1" failures="0" timestamp="25 Jul 2019 02:20:25 GMT" time="27.451" errors="0">
  <testcase name="testSortListBox" time="12.224" classname="scripts.TestScripts"/>
  <testcase name="testcreateEmployee" time="0.0" classname="scripts.TestScripts">
    <ignored/>
  </testcase> <!-- testcreateEmployee -->
</testsuite> <!-- Default test -->
