<?xml version="1.0" encoding="UTF-8"?>
<testng-results skipped="0" failed="0" total="1" passed="1">
  <reporter-output>
    <line>
      <![CDATA[Title is matchingOrangeHRM]]>
    </line>
    <line>
      <![CDATA[List box is sorted]]>
    </line>
  </reporter-output>
  <suite name="Suite" duration-ms="42155" started-at="2019-07-26T02:06:09Z" finished-at="2019-07-26T02:06:51Z">
    <groups>
    </groups>
    <test name="Test" duration-ms="42155" started-at="2019-07-26T02:06:09Z" finished-at="2019-07-26T02:06:51Z">
      <class name="scripts.TestScripts">
        <test-method status="PASS" signature="preCondition()[pri:0, instance:scripts.TestScripts@4157f54e]" name="preCondition" is-config="true" duration-ms="14195" started-at="2019-07-26T07:36:09Z" finished-at="2019-07-26T07:36:23Z">
          <reporter-output>
          </reporter-output>
        </test-method> <!-- preCondition -->
        <test-method status="PASS" signature="testSortListBox()[pri:0, instance:scripts.TestScripts@4157f54e]" name="testSortListBox" duration-ms="26986" started-at="2019-07-26T07:36:23Z" finished-at="2019-07-26T07:36:50Z">
          <reporter-output>
            <line>
              <![CDATA[Title is matchingOrangeHRM]]>
            </line>
            <line>
              <![CDATA[List box is sorted]]>
            </line>
          </reporter-output>
        </test-method> <!-- testSortListBox -->
        <test-method status="PASS" signature="postCondition()[pri:0, instance:scripts.TestScripts@4157f54e]" name="postCondition" is-config="true" duration-ms="942" started-at="2019-07-26T07:36:50Z" finished-at="2019-07-26T07:36:51Z">
          <reporter-output>
          </reporter-output>
        </test-method> <!-- postCondition -->
      </class> <!-- scripts.TestScripts -->
    </test> <!-- Test -->
  </suite> <!-- Suite -->
</testng-results>
