<?xml version="1.0" encoding="UTF-8"?>
<testng-results skipped="0" failed="0" ignored="1" total="2" passed="1">
  <reporter-output>
    <line>
      <![CDATA[Title is matchingOrangeHRM]]>
    </line>
    <line>
      <![CDATA[List box is sorted]]>
    </line>
  </reporter-output>
  <suite name="Suite" duration-ms="24483" started-at="2019-07-26T02:03:43Z" finished-at="2019-07-26T02:04:08Z">
    <groups>
    </groups>
    <test name="Test" duration-ms="24483" started-at="2019-07-26T02:03:43Z" finished-at="2019-07-26T02:04:08Z">
      <class name="scripts.TestScripts">
        <test-method status="PASS" signature="preCondition()[pri:0, instance:scripts.TestScripts@5bcab519]" name="preCondition" is-config="true" duration-ms="11457" started-at="2019-07-26T02:03:44Z" finished-at="2019-07-26T02:03:55Z">
          <reporter-output>
          </reporter-output>
        </test-method> <!-- preCondition -->
        <test-method status="PASS" signature="testSortListBox()[pri:0, instance:scripts.TestScripts@5bcab519]" name="testSortListBox" duration-ms="12371" started-at="2019-07-26T02:03:55Z" finished-at="2019-07-26T02:04:07Z">
          <reporter-output>
            <line>
              <![CDATA[Title is matchingOrangeHRM]]>
            </line>
            <line>
              <![CDATA[List box is sorted]]>
            </line>
          </reporter-output>
        </test-method> <!-- testSortListBox -->
        <test-method status="PASS" signature="postCondition()[pri:0, instance:scripts.TestScripts@5bcab519]" name="postCondition" is-config="true" duration-ms="565" started-at="2019-07-26T02:04:07Z" finished-at="2019-07-26T02:04:08Z">
          <reporter-output>
          </reporter-output>
        </test-method> <!-- postCondition -->
      </class> <!-- scripts.TestScripts -->
    </test> <!-- Test -->
  </suite> <!-- Suite -->
</testng-results>
